<?xml version="1.0" encoding="UTF-8"?>
<!-- Generated by org.testng.reporters.JUnitXMLReporter -->
<testsuite ignored="0" hostname="LAPTOP-8PVICKAN" failures="0" tests="3" name="Test" time="21.813" errors="0" timestamp="2023-02-05T15:08:42 EST">
  <testcase classname="com.neotech.testcases.LoginTest" name="emptyPasswordLogin" time="3.27"/>
  <testcase classname="com.neotech.testcases.LoginTest" name="invalidPasswordLogin" time="5.751"/>
  <testcase classname="com.neotech.testcases.LoginTest" name="validLogin" time="6.051"/>
</testsuite> <!-- Test -->
