<?xml version="1.0" encoding="UTF-8"?>
<!-- Generated by org.testng.reporters.JUnitXMLReporter -->
<testsuite ignored="3" hostname="LAPTOP-8PVICKAN" failures="1" tests="3" name="Regression Test" time="26.945" errors="0" timestamp="2023-02-09T19:35:52 EST">
  <testcase classname="com.neotech.testcases.LoginTest" name="emptyPasswordLogin" time="3.299"/>
  <testcase classname="com.neotech.testcases.LoginTest" name="invalidPasswordLogin" time="7.43">
    <failure type="java.lang.AssertionError" message="The error message does NOT match!! expected [Invalid Credentials -  bla bla bla] but found [Invalid Credentials]">
      <![CDATA[java.lang.AssertionError: The error message does NOT match!! expected [Invalid Credentials -  bla bla bla] but found [Invalid Credentials]
at com.neotech.testcases.LoginTest.invalidPasswordLogin(LoginTest.java:78)
at java.base/java.util.ArrayList.forEach(ArrayList.java:1511)
... Removed 30 stack frames]]>
    </failure>
  </testcase> <!-- invalidPasswordLogin -->
  <testcase classname="com.neotech.testcases.LoginTest" name="validLogin" time="6.393"/>
  <testcase classname="com.neotech.testbase.BaseClass" name="@BeforeTest generateReport" time="0.0">
    <ignored/>
  </testcase> <!-- @BeforeTest generateReport -->
  <testcase classname="com.neotech.testcases.AddEmployeeTest" name="AddEmployee" time="0.0">
    <ignored/>
  </testcase> <!-- AddEmployee -->
  <testcase classname="com.neotech.testbase.BaseClass" name="@AfterTest writeReport" time="0.0">
    <ignored/>
  </testcase> <!-- @AfterTest writeReport -->
</testsuite> <!-- Regression Test -->
