<?xml version="1.0" encoding="UTF-8"?>
<testng-results ignored="5" total="8" passed="3" failed="0" skipped="0">
  <reporter-output>
  </reporter-output>
  <suite started-at="2023-02-10T04:02:31 EST" name="AddEmployeeSuite" finished-at="2023-02-10T04:03:51 EST" duration-ms="79568">
    <groups>
      <group name="regression">
        <method signature="AddEmployeeTest.addEmployee(java.lang.String,java.lang.String,java.lang.String,java.lang.String)[pri:0, instance:com.neotech.testcases.AddEmployeeTest@15de0b3c]" name="addEmployee" class="com.neotech.testcases.AddEmployeeTest"/>
      </group> <!-- regression -->
      <group name="addEmployee">
        <method signature="AddEmployeeTest.addEmployee(java.lang.String,java.lang.String,java.lang.String,java.lang.String)[pri:0, instance:com.neotech.testcases.AddEmployeeTest@15de0b3c]" name="addEmployee" class="com.neotech.testcases.AddEmployeeTest"/>
      </group> <!-- addEmployee -->
    </groups>
    <test started-at="2023-02-10T04:02:31 EST" name="AddEmployee Test" finished-at="2023-02-10T04:03:51 EST" duration-ms="79568">
      <class name="com.neotech.testcases.AddEmployeeTest">
        <test-method is-config="true" signature="generateReport()[pri:0, instance:com.neotech.testcases.AddEmployeeTest@15de0b3c]" started-at="2023-02-10T04:02:31 EST" name="generateReport" finished-at="2023-02-10T04:02:31 EST" duration-ms="229" status="PASS">
          <reporter-output>
          </reporter-output>
        </test-method> <!-- generateReport -->
        <test-method is-config="true" signature="setUp()[pri:0, instance:com.neotech.testcases.AddEmployeeTest@15de0b3c]" started-at="2023-02-10T04:02:32 EST" name="setUp" finished-at="2023-02-10T04:02:35 EST" duration-ms="2833" status="PASS">
          <reporter-output>
          </reporter-output>
        </test-method> <!-- setUp -->
        <test-method signature="addEmployee(java.lang.String,java.lang.String,java.lang.String,java.lang.String)[pri:0, instance:com.neotech.testcases.AddEmployeeTest@15de0b3c]" started-at="2023-02-10T04:02:35 EST" name="addEmployee" data-provider="excelData" finished-at="2023-02-10T04:02:59 EST" duration-ms="24045" status="PASS">
          <params>
            <param index="0">
              <value>
                <![CDATA[John100]]>
              </value>
            </param>
            <param index="1">
              <value>
                <![CDATA[Smith]]>
              </value>
            </param>
            <param index="2">
              <value>
                <![CDATA[john2023]]>
              </value>
            </param>
            <param index="3">
              <value>
                <![CDATA[Secret@123]]>
              </value>
            </param>
          </params>
          <reporter-output>
          </reporter-output>
        </test-method> <!-- addEmployee -->
        <test-method is-config="true" signature="tearDown()[pri:0, instance:com.neotech.testcases.AddEmployeeTest@15de0b3c]" started-at="2023-02-10T04:02:59 EST" name="tearDown" finished-at="2023-02-10T04:02:59 EST" duration-ms="134" status="PASS">
          <reporter-output>
          </reporter-output>
        </test-method> <!-- tearDown -->
        <test-method is-config="true" signature="setUp()[pri:0, instance:com.neotech.testcases.AddEmployeeTest@15de0b3c]" started-at="2023-02-10T04:02:59 EST" name="setUp" finished-at="2023-02-10T04:03:01 EST" duration-ms="1791" status="PASS">
          <reporter-output>
          </reporter-output>
        </test-method> <!-- setUp -->
        <test-method signature="addEmployee(java.lang.String,java.lang.String,java.lang.String,java.lang.String)[pri:0, instance:com.neotech.testcases.AddEmployeeTest@15de0b3c]" started-at="2023-02-10T04:03:01 EST" name="addEmployee" data-provider="excelData" finished-at="2023-02-10T04:03:25 EST" duration-ms="23761" status="PASS">
          <params>
            <param index="0">
              <value>
                <![CDATA[Mary100]]>
              </value>
            </param>
            <param index="1">
              <value>
                <![CDATA[Ann]]>
              </value>
            </param>
            <param index="2">
              <value>
                <![CDATA[mary2023]]>
              </value>
            </param>
            <param index="3">
              <value>
                <![CDATA[Secret@123]]>
              </value>
            </param>
          </params>
          <reporter-output>
          </reporter-output>
        </test-method> <!-- addEmployee -->
        <test-method is-config="true" signature="tearDown()[pri:0, instance:com.neotech.testcases.AddEmployeeTest@15de0b3c]" started-at="2023-02-10T04:03:25 EST" name="tearDown" finished-at="2023-02-10T04:03:25 EST" duration-ms="188" status="PASS">
          <reporter-output>
          </reporter-output>
        </test-method> <!-- tearDown -->
        <test-method is-config="true" signature="setUp()[pri:0, instance:com.neotech.testcases.AddEmployeeTest@15de0b3c]" started-at="2023-02-10T04:03:25 EST" name="setUp" finished-at="2023-02-10T04:03:27 EST" duration-ms="1767" status="PASS">
          <reporter-output>
          </reporter-output>
        </test-method> <!-- setUp -->
        <test-method signature="addEmployee(java.lang.String,java.lang.String,java.lang.String,java.lang.String)[pri:0, instance:com.neotech.testcases.AddEmployeeTest@15de0b3c]" started-at="2023-02-10T04:03:27 EST" name="addEmployee" data-provider="excelData" finished-at="2023-02-10T04:03:50 EST" duration-ms="23124" status="PASS">
          <params>
            <param index="0">
              <value>
                <![CDATA[David100]]>
              </value>
            </param>
            <param index="1">
              <value>
                <![CDATA[Brown]]>
              </value>
            </param>
            <param index="2">
              <value>
                <![CDATA[david2023]]>
              </value>
            </param>
            <param index="3">
              <value>
                <![CDATA[Secret@123]]>
              </value>
            </param>
          </params>
          <reporter-output>
          </reporter-output>
        </test-method> <!-- addEmployee -->
        <test-method is-config="true" signature="tearDown()[pri:0, instance:com.neotech.testcases.AddEmployeeTest@15de0b3c]" started-at="2023-02-10T04:03:50 EST" name="tearDown" finished-at="2023-02-10T04:03:50 EST" duration-ms="123" status="PASS">
          <reporter-output>
          </reporter-output>
        </test-method> <!-- tearDown -->
        <test-method is-config="true" signature="writeReport()[pri:0, instance:com.neotech.testcases.AddEmployeeTest@15de0b3c]" started-at="2023-02-10T04:03:50 EST" name="writeReport" finished-at="2023-02-10T04:03:51 EST" duration-ms="256" status="PASS">
          <reporter-output>
          </reporter-output>
        </test-method> <!-- writeReport -->
      </class> <!-- com.neotech.testcases.AddEmployeeTest -->
    </test> <!-- AddEmployee Test -->
  </suite> <!-- AddEmployeeSuite -->
</testng-results>
